<?xml version="1.0" encoding="UTF-8"?>
<!-- Generated by org.testng.reporters.JUnitXMLReporter -->
<testsuite ignored="0" hostname="LENOVO" failures="0" tests="3" name="Test" time="44.122" errors="0" timestamp="2023-09-27T09:34:48 IST">
  <testcase classname="selWithMavenTestNG.MouseHover" name="dragAndDrop" time="7.164"/>
  <testcase classname="selWithMavenTestNG.DynamicDataHandling" name="addVals" time="4.686"/>
  <testcase classname="selWithMavenTestNG.SwitchingWindows" name="switchWind" time="32.221"/>
</testsuite> <!-- Test -->
