<?xml version="1.0" encoding="UTF-8"?>
<!-- Generated by org.testng.reporters.JUnitXMLReporter -->
<testsuite ignored="0" hostname="LENOVO" failures="0" tests="3" name="Test" time="160.009" errors="0" timestamp="2023-09-28T09:58:57 IST">
  <testcase classname="selWithMavenTestNG.MouseHover" name="dragAndDrop" time="44.284"/>
  <testcase classname="selWithMavenTestNG.DynamicDataHandling" name="addVals" time="15.17"/>
  <testcase classname="selWithMavenTestNG.SwitchingWindows" name="switchWind" time="100.394"/>
</testsuite> <!-- Test -->
