<?xml version="1.0" encoding="UTF-8"?>
<testng-results ignored="0" total="3" passed="3" failed="0" skipped="0">
  <reporter-output>
  </reporter-output>
  <suite started-at="2023-09-28T09:56:17 IST" name="Suite" finished-at="2023-09-28T09:58:57 IST" duration-ms="160009">
    <groups>
    </groups>
    <test started-at="2023-09-28T09:56:17 IST" name="Test" finished-at="2023-09-28T09:58:57 IST" duration-ms="160009">
      <class name="selWithMavenTestNG.DynamicDataHandling">
        <test-method signature="addVals()[pri:0, instance:selWithMavenTestNG.DynamicDataHandling@10e92f8f]" started-at="2023-09-28T09:57:01 IST" name="addVals" finished-at="2023-09-28T09:57:16 IST" duration-ms="15170" status="PASS">
          <reporter-output>
          </reporter-output>
        </test-method> <!-- addVals -->
      </class> <!-- selWithMavenTestNG.DynamicDataHandling -->
      <class name="selWithMavenTestNG.SwitchingWindows">
        <test-method signature="switchWind()[pri:0, instance:selWithMavenTestNG.SwitchingWindows@7ce3cb8e]" started-at="2023-09-28T09:57:16 IST" name="switchWind" finished-at="2023-09-28T09:58:57 IST" duration-ms="100394" status="PASS">
          <reporter-output>
          </reporter-output>
        </test-method> <!-- switchWind -->
      </class> <!-- selWithMavenTestNG.SwitchingWindows -->
      <class name="selWithMavenTestNG.MouseHover">
        <test-method signature="dragAndDrop()[pri:0, instance:selWithMavenTestNG.MouseHover@3aefe5e5]" started-at="2023-09-28T09:56:17 IST" name="dragAndDrop" finished-at="2023-09-28T09:57:01 IST" duration-ms="44284" status="PASS">
          <reporter-output>
          </reporter-output>
        </test-method> <!-- dragAndDrop -->
      </class> <!-- selWithMavenTestNG.MouseHover -->
    </test> <!-- Test -->
  </suite> <!-- Suite -->
</testng-results>
