<?xml version="1.0" encoding="UTF-8"?>
<testng-results ignored="0" total="3" passed="3" failed="0" skipped="0">
  <reporter-output>
  </reporter-output>
  <suite started-at="2023-09-27T09:34:04 IST" name="Suite" finished-at="2023-09-27T09:34:48 IST" duration-ms="44122">
    <groups>
    </groups>
    <test started-at="2023-09-27T09:34:04 IST" name="Test" finished-at="2023-09-27T09:34:48 IST" duration-ms="44122">
      <class name="selWithMavenTestNG.DynamicDataHandling">
        <test-method signature="addVals()[pri:0, instance:selWithMavenTestNG.DynamicDataHandling@2ef3eef9]" started-at="2023-09-27T09:34:11 IST" name="addVals" finished-at="2023-09-27T09:34:16 IST" duration-ms="4686" status="PASS">
          <reporter-output>
          </reporter-output>
        </test-method> <!-- addVals -->
      </class> <!-- selWithMavenTestNG.DynamicDataHandling -->
      <class name="selWithMavenTestNG.SwitchingWindows">
        <test-method signature="switchWind()[pri:0, instance:selWithMavenTestNG.SwitchingWindows@243c4f91]" started-at="2023-09-27T09:34:16 IST" name="switchWind" finished-at="2023-09-27T09:34:48 IST" duration-ms="32221" status="PASS">
          <reporter-output>
          </reporter-output>
        </test-method> <!-- switchWind -->
      </class> <!-- selWithMavenTestNG.SwitchingWindows -->
      <class name="selWithMavenTestNG.MouseHover">
        <test-method signature="dragAndDrop()[pri:0, instance:selWithMavenTestNG.MouseHover@2145b572]" started-at="2023-09-27T09:34:04 IST" name="dragAndDrop" finished-at="2023-09-27T09:34:11 IST" duration-ms="7164" status="PASS">
          <reporter-output>
          </reporter-output>
        </test-method> <!-- dragAndDrop -->
      </class> <!-- selWithMavenTestNG.MouseHover -->
    </test> <!-- Test -->
  </suite> <!-- Suite -->
</testng-results>
